This is pdfTeX, Version 3.141592653-2.6-1.40.23 (MiKTeX 21.8) (preloaded format=pdflatex 2021.11.24)  4 JAN 2022 07:54
entering extended mode
**./Ablordeppey.tex
(Ablordeppey.tex
LaTeX2e <2021-06-01> patch level 1
L3 programming layer <2021-08-27> (revdetua.cls
Document Class: revdetua 2012/09/17 v1.3l revdetua document class
(C:\Users\iCETEE\AppData\Local\Programs\MiKTeX\tex/generic/babel\babel.sty
Package: babel 2021/07/22 3.63 The Babel package

(C:\Users\iCETEE\AppData\Local\Programs\MiKTeX\tex/generic/babel\babel.def
File: babel.def 2021/07/22 3.63 Babel common definitions
\babel@savecnt=\count182
\U@D=\dimen138
\l@unhyphenated=\language79

(C:\Users\iCETEE\AppData\Local\Programs\MiKTeX\tex/generic/babel\txtbabel.def)
\bbl@readstream=\read2
)
\bbl@dirlevel=\count183
*************************************
* Local config file bblopts.cfg used
*
(C:\Users\iCETEE\AppData\Local\Programs\MiKTeX\tex/latex/arabi\bblopts.cfg
File: bblopts.cfg 2005/09/08 v0.1 add Arabic and Farsi to "declared" options of
 babel
)
(C:\Users\iCETEE\AppData\Local\Programs\MiKTeX\tex/latex/babel-english\english.
ldf
Language: english 2017/06/06 v3.3r English support from the babel system
Package babel Info: Hyphen rules for 'canadian' set to \l@english
(babel)             (\language0). Reported on input line 102.
Package babel Info: Hyphen rules for 'australian' set to \l@ukenglish
(babel)             (\language73). Reported on input line 105.
Package babel Info: Hyphen rules for 'newzealand' set to \l@ukenglish
(babel)             (\language73). Reported on input line 108.
)
(C:\Users\iCETEE\AppData\Local\Programs\MiKTeX\tex/latex/babel-portuges\portugu
ese.ldf
Language: portuges 2021/07/09 v1.2t Portuguese support from the babel system
Package babel Info: Making " an active character on input line 143.
)) (C:\Users\iCETEE\AppData\Local\Programs\MiKTeX\tex/latex/url\url.sty
\Urlmuskip=\muskip16
Package: url 2013/09/16  ver 3.4  Verb mode for urls, etc.
) (C:\Users\iCETEE\AppData\Local\Programs\MiKTeX\tex/latex/psnfss\times.sty
Package: times 2020/03/25 PSNFSS-v9.3 (SPQR) 
)
(C:\Users\iCETEE\AppData\Local\Programs\MiKTeX\tex/latex/cite\cite.sty
LaTeX Info: Redefining \cite on input line 302.
LaTeX Info: Redefining \nocite on input line 332.
Package: cite 2015/02/27  v 5.5
)
\c@part=\count184
\c@section=\count185
\c@subsection=\count186
\c@subsubsection=\count187
\tmpitemindent=\dimen139
\c@figure=\count188
\c@table=\count189
\abovecaptionskip=\skip47
\belowcaptionskip=\skip48
\bibindent=\dimen140
)
(C:\Users\iCETEE\AppData\Local\Programs\MiKTeX\tex/latex/amsmath\amsmath.sty
Package: amsmath 2021/04/20 v2.17j AMS math features
\@mathmargin=\skip49

For additional information on amsmath, use the `?' option.
(C:\Users\iCETEE\AppData\Local\Programs\MiKTeX\tex/latex/amsmath\amstext.sty
Package: amstext 2000/06/29 v2.01 AMS text

(C:\Users\iCETEE\AppData\Local\Programs\MiKTeX\tex/latex/amsmath\amsgen.sty
File: amsgen.sty 1999/11/30 v2.0 generic functions
\@emptytoks=\toks16
\ex@=\dimen141
))
(C:\Users\iCETEE\AppData\Local\Programs\MiKTeX\tex/latex/amsmath\amsbsy.sty
Package: amsbsy 1999/11/29 v1.2d Bold Symbols
\pmbraise@=\dimen142
)
(C:\Users\iCETEE\AppData\Local\Programs\MiKTeX\tex/latex/amsmath\amsopn.sty
Package: amsopn 2016/03/08 v2.02 operator names
)
\inf@bad=\count190
LaTeX Info: Redefining \frac on input line 234.
\uproot@=\count191
\leftroot@=\count192
LaTeX Info: Redefining \overline on input line 399.
\classnum@=\count193
\DOTSCASE@=\count194
LaTeX Info: Redefining \ldots on input line 496.
LaTeX Info: Redefining \dots on input line 499.
LaTeX Info: Redefining \cdots on input line 620.
\Mathstrutbox@=\box50
\strutbox@=\box51
\big@size=\dimen143
LaTeX Font Info:    Redeclaring font encoding OML on input line 743.
LaTeX Font Info:    Redeclaring font encoding OMS on input line 744.
\macc@depth=\count195
\c@MaxMatrixCols=\count196
\dotsspace@=\muskip17
\c@parentequation=\count197
\dspbrk@lvl=\count198
\tag@help=\toks17
\row@=\count199
\column@=\count266
\maxfields@=\count267
\andhelp@=\toks18
\eqnshift@=\dimen144
\alignsep@=\dimen145
\tagshift@=\dimen146
\tagwidth@=\dimen147
\totwidth@=\dimen148
\lineht@=\dimen149
\@envbody=\toks19
\multlinegap=\skip50
\multlinetaggap=\skip51
\mathdisplay@stack=\toks20
LaTeX Info: Redefining \[ on input line 2923.
LaTeX Info: Redefining \] on input line 2924.
)
(C:\Users\iCETEE\AppData\Local\Programs\MiKTeX\tex/latex/amsfonts\amssymb.sty
Package: amssymb 2013/01/14 v3.01 AMS font symbols

(C:\Users\iCETEE\AppData\Local\Programs\MiKTeX\tex/latex/amsfonts\amsfonts.sty
Package: amsfonts 2013/01/14 v3.01 Basic AMSFonts support
\symAMSa=\mathgroup4
\symAMSb=\mathgroup5
LaTeX Font Info:    Redeclaring math symbol \hbar on input line 98.
LaTeX Font Info:    Overwriting math alphabet `\mathfrak' in version `bold'
(Font)                  U/euf/m/n --> U/euf/b/n on input line 106.
))
(C:\Users\iCETEE\AppData\Local\Programs\MiKTeX\tex/latex/enumitem\enumitem.sty
Package: enumitem 2019/06/20 v3.9 Customized lists
\enitkv@toks@=\toks21
\labelindent=\skip52
\enit@outerparindent=\dimen150
\enit@toks=\toks22
\enit@inbox=\box52
\enit@count@id=\count268
\enitdp@description=\count269
) (C:\Users\iCETEE\AppData\Local\Programs\MiKTeX\tex/latex/booktabs\booktabs.st
y
Package: booktabs 2020/01/12 v1.61803398 Publication quality tables
\heavyrulewidth=\dimen151
\lightrulewidth=\dimen152
\cmidrulewidth=\dimen153
\belowrulesep=\dimen154
\belowbottomsep=\dimen155
\aboverulesep=\dimen156
\abovetopsep=\dimen157
\cmidrulesep=\dimen158
\cmidrulekern=\dimen159
\defaultaddspace=\dimen160
\@cmidla=\count270
\@cmidlb=\count271
\@aboverulesep=\dimen161
\@belowrulesep=\dimen162
\@thisruleclass=\count272
\@lastruleclass=\count273
\@thisrulewidth=\dimen163
)
(C:\Users\iCETEE\AppData\Local\Programs\MiKTeX\tex/latex/arydshln\arydshln.sty
Package: arydshln 2019/02/21 v1.76 
\dashlinedash=\dimen164
\dashlinegap=\dimen165
\adl@box=\box53
\adl@height=\dimen166
\adl@heightsave=\dimen167
\adl@depth=\dimen168
\adl@depthsave=\dimen169
\adl@finaldepth=\dimen170
\adl@columns=\count274
\adl@ncol=\count275
\adl@currentcolumn=\count276
\adl@currentcolumnsave=\count277
\adl@totalheight=\count278
\adl@totalheightsave=\count279
\adl@dash=\count280
\adl@gap=\count281
\adl@cla=\count282
\adl@clb=\count283
\adl@everyvbox=\toks23
\adl@LTpagetotal=\dimen171
) (C:\Users\iCETEE\AppData\Local\Programs\MiKTeX\tex/latex/graphics\graphicx.st
y
Package: graphicx 2020/12/05 v1.2c Enhanced LaTeX Graphics (DPC,SPQR)
(C:\Users\iCETEE\AppData\Local\Programs\MiKTeX\tex/latex/graphics\keyval.sty
Package: keyval 2014/10/28 v1.15 key=value parser (DPC)
\KV@toks@=\toks24
)
(C:\Users\iCETEE\AppData\Local\Programs\MiKTeX\tex/latex/graphics\graphics.sty
Package: graphics 2021/03/04 v1.4d Standard LaTeX Graphics (DPC,SPQR)

(C:\Users\iCETEE\AppData\Local\Programs\MiKTeX\tex/latex/graphics\trig.sty
Package: trig 2016/01/03 v1.10 sin cos tan (DPC)
)
(C:\Users\iCETEE\AppData\Local\Programs\MiKTeX\tex/latex/graphics-cfg\graphics.
cfg
File: graphics.cfg 2016/06/04 v1.11 sample graphics configuration
)
Package graphics Info: Driver file: pdftex.def on input line 107.

(C:\Users\iCETEE\AppData\Local\Programs\MiKTeX\tex/latex/graphics-def\pdftex.de
f
File: pdftex.def 2020/10/05 v1.2a Graphics/color driver for pdftex
))
\Gin@req@height=\dimen172
\Gin@req@width=\dimen173
)
(C:\Users\iCETEE\AppData\Local\Programs\MiKTeX\tex/latex/dblfloatfix\dblfloatfi
x.sty
Package: dblfloatfix 2012/12/31 v1.0a (JAW)

(C:\Users\iCETEE\AppData\Local\Programs\MiKTeX\tex/latex/base\fixltx2e.sty
Package: fixltx2e 2016/12/29 v2.1a fixes to LaTeX (obsolete)
Applying: [2015/01/01] Old fixltx2e package on input line 46.


Package fixltx2e Warning: fixltx2e is not required with releases after 2015
(fixltx2e)                All fixes are now in the LaTeX kernel.
(fixltx2e)                See the latexrelease package for details.

Already applied: [0000/00/00] Old fixltx2e package on input line 53.
)
\@dblbotnum=\count284
\c@dblbotnumber=\count285
)
(C:\Users\iCETEE\AppData\Local\Programs\MiKTeX\tex/latex/multirow\multirow.sty
Package: multirow 2021/03/15 v2.8 Span multiple rows of a table
\multirow@colwidth=\skip53
\multirow@cntb=\count286
\multirow@dima=\skip54
\bigstrutjot=\dimen174
)
(C:\Users\iCETEE\AppData\Local\Programs\MiKTeX\tex/latex/subfigure\subfigure.st
y
Package: subfigure 2002/07/30 v2.1.4 subfigure package
\subfigtopskip=\skip55
\subfigcapskip=\skip56
\subfigcaptopadj=\dimen175
\subfigbottomskip=\skip57
\subfigcapmargin=\dimen176
\subfiglabelskip=\skip58
\c@subfigure=\count287
\c@lofdepth=\count288
\c@subtable=\count289
\c@lotdepth=\count290

****************************************
* Local config file subfigure.cfg used *
****************************************

(C:\Users\iCETEE\AppData\Local\Programs\MiKTeX\tex/latex/subfigure\subfigure.cf
g)
\subfig@top=\skip59
\subfig@bottom=\skip60
) (C:\Users\iCETEE\AppData\Local\Programs\MiKTeX\tex/latex/forest\forest.sty
Package: forest 2017/07/14 v2.1.5 Drawing (linguistic) trees

(C:\Users\iCETEE\AppData\Local\Programs\MiKTeX\tex/latex/pgf/frontendlayer\tikz
.sty
(C:\Users\iCETEE\AppData\Local\Programs\MiKTeX\tex/latex/pgf/basiclayer\pgf.sty

(C:\Users\iCETEE\AppData\Local\Programs\MiKTeX\tex/latex/pgf/utilities\pgfrcs.s
ty
(C:\Users\iCETEE\AppData\Local\Programs\MiKTeX\tex/generic/pgf/utilities\pgfuti
l-common.tex
\pgfutil@everybye=\toks25
\pgfutil@tempdima=\dimen177
\pgfutil@tempdimb=\dimen178

(C:\Users\iCETEE\AppData\Local\Programs\MiKTeX\tex/generic/pgf/utilities\pgfuti
l-common-lists.tex))
(C:\Users\iCETEE\AppData\Local\Programs\MiKTeX\tex/generic/pgf/utilities\pgfuti
l-latex.def
\pgfutil@abb=\box54
)
(C:\Users\iCETEE\AppData\Local\Programs\MiKTeX\tex/generic/pgf/utilities\pgfrcs
.code.tex
(C:\Users\iCETEE\AppData\Local\Programs\MiKTeX\tex/generic/pgf\pgf.revision.tex
)
Package: pgfrcs 2021/05/15 v3.1.9a (3.1.9a)
))
Package: pgf 2021/05/15 v3.1.9a (3.1.9a)

(C:\Users\iCETEE\AppData\Local\Programs\MiKTeX\tex/latex/pgf/basiclayer\pgfcore
.sty
(C:\Users\iCETEE\AppData\Local\Programs\MiKTeX\tex/latex/pgf/systemlayer\pgfsys
.sty
(C:\Users\iCETEE\AppData\Local\Programs\MiKTeX\tex/generic/pgf/systemlayer\pgfs
ys.code.tex
Package: pgfsys 2021/05/15 v3.1.9a (3.1.9a)

(C:\Users\iCETEE\AppData\Local\Programs\MiKTeX\tex/generic/pgf/utilities\pgfkey
s.code.tex
\pgfkeys@pathtoks=\toks26
\pgfkeys@temptoks=\toks27

(C:\Users\iCETEE\AppData\Local\Programs\MiKTeX\tex/generic/pgf/utilities\pgfkey
sfiltered.code.tex
\pgfkeys@tmptoks=\toks28
))
\pgf@x=\dimen179
\pgf@y=\dimen180
\pgf@xa=\dimen181
\pgf@ya=\dimen182
\pgf@xb=\dimen183
\pgf@yb=\dimen184
\pgf@xc=\dimen185
\pgf@yc=\dimen186
\pgf@xd=\dimen187
\pgf@yd=\dimen188
\w@pgf@writea=\write3
\r@pgf@reada=\read3
\c@pgf@counta=\count291
\c@pgf@countb=\count292
\c@pgf@countc=\count293
\c@pgf@countd=\count294
\t@pgf@toka=\toks29
\t@pgf@tokb=\toks30
\t@pgf@tokc=\toks31
\pgf@sys@id@count=\count295

(C:\Users\iCETEE\AppData\Local\Programs\MiKTeX\tex/generic/pgf/systemlayer\pgf.
cfg
File: pgf.cfg 2021/05/15 v3.1.9a (3.1.9a)
)
Driver file for pgf: pgfsys-pdftex.def

(C:\Users\iCETEE\AppData\Local\Programs\MiKTeX\tex/generic/pgf/systemlayer\pgfs
ys-pdftex.def
File: pgfsys-pdftex.def 2021/05/15 v3.1.9a (3.1.9a)

(C:\Users\iCETEE\AppData\Local\Programs\MiKTeX\tex/generic/pgf/systemlayer\pgfs
ys-common-pdf.def
File: pgfsys-common-pdf.def 2021/05/15 v3.1.9a (3.1.9a)
)))
(C:\Users\iCETEE\AppData\Local\Programs\MiKTeX\tex/generic/pgf/systemlayer\pgfs
yssoftpath.code.tex
File: pgfsyssoftpath.code.tex 2021/05/15 v3.1.9a (3.1.9a)
\pgfsyssoftpath@smallbuffer@items=\count296
\pgfsyssoftpath@bigbuffer@items=\count297
)
(C:\Users\iCETEE\AppData\Local\Programs\MiKTeX\tex/generic/pgf/systemlayer\pgfs
ysprotocol.code.tex
File: pgfsysprotocol.code.tex 2021/05/15 v3.1.9a (3.1.9a)
))
(C:\Users\iCETEE\AppData\Local\Programs\MiKTeX\tex/latex/xcolor\xcolor.sty
Package: xcolor 2016/05/11 v2.12 LaTeX color extensions (UK)

(C:\Users\iCETEE\AppData\Local\Programs\MiKTeX\tex/latex/graphics-cfg\color.cfg
File: color.cfg 2016/01/02 v1.6 sample color configuration
)
Package xcolor Info: Driver file: pdftex.def on input line 225.
Package xcolor Info: Model `cmy' substituted by `cmy0' on input line 1348.
Package xcolor Info: Model `hsb' substituted by `rgb' on input line 1352.
Package xcolor Info: Model `RGB' extended on input line 1364.
Package xcolor Info: Model `HTML' substituted by `rgb' on input line 1366.
Package xcolor Info: Model `Hsb' substituted by `hsb' on input line 1367.
Package xcolor Info: Model `tHsb' substituted by `hsb' on input line 1368.
Package xcolor Info: Model `HSB' substituted by `hsb' on input line 1369.
Package xcolor Info: Model `Gray' substituted by `gray' on input line 1370.
Package xcolor Info: Model `wave' substituted by `hsb' on input line 1371.
)
(C:\Users\iCETEE\AppData\Local\Programs\MiKTeX\tex/generic/pgf/basiclayer\pgfco
re.code.tex
Package: pgfcore 2021/05/15 v3.1.9a (3.1.9a)

(C:\Users\iCETEE\AppData\Local\Programs\MiKTeX\tex/generic/pgf/math\pgfmath.cod
e.tex
(C:\Users\iCETEE\AppData\Local\Programs\MiKTeX\tex/generic/pgf/math\pgfmathcalc
.code.tex
(C:\Users\iCETEE\AppData\Local\Programs\MiKTeX\tex/generic/pgf/math\pgfmathutil
.code.tex)
(C:\Users\iCETEE\AppData\Local\Programs\MiKTeX\tex/generic/pgf/math\pgfmathpars
er.code.tex
\pgfmath@dimen=\dimen189
\pgfmath@count=\count298
\pgfmath@box=\box55
\pgfmath@toks=\toks32
\pgfmath@stack@operand=\toks33
\pgfmath@stack@operation=\toks34
)
(C:\Users\iCETEE\AppData\Local\Programs\MiKTeX\tex/generic/pgf/math\pgfmathfunc
tions.code.tex
(C:\Users\iCETEE\AppData\Local\Programs\MiKTeX\tex/generic/pgf/math\pgfmathfunc
tions.basic.code.tex)
(C:\Users\iCETEE\AppData\Local\Programs\MiKTeX\tex/generic/pgf/math\pgfmathfunc
tions.trigonometric.code.tex)
(C:\Users\iCETEE\AppData\Local\Programs\MiKTeX\tex/generic/pgf/math\pgfmathfunc
tions.random.code.tex)
(C:\Users\iCETEE\AppData\Local\Programs\MiKTeX\tex/generic/pgf/math\pgfmathfunc
tions.comparison.code.tex)
(C:\Users\iCETEE\AppData\Local\Programs\MiKTeX\tex/generic/pgf/math\pgfmathfunc
tions.base.code.tex)
(C:\Users\iCETEE\AppData\Local\Programs\MiKTeX\tex/generic/pgf/math\pgfmathfunc
tions.round.code.tex)
(C:\Users\iCETEE\AppData\Local\Programs\MiKTeX\tex/generic/pgf/math\pgfmathfunc
tions.misc.code.tex)
(C:\Users\iCETEE\AppData\Local\Programs\MiKTeX\tex/generic/pgf/math\pgfmathfunc
tions.integerarithmetics.code.tex)))
(C:\Users\iCETEE\AppData\Local\Programs\MiKTeX\tex/generic/pgf/math\pgfmathfloa
t.code.tex
\c@pgfmathroundto@lastzeros=\count299
))
(C:\Users\iCETEE\AppData\Local\Programs\MiKTeX\tex/generic/pgf/math\pgfint.code
.tex)
(C:\Users\iCETEE\AppData\Local\Programs\MiKTeX\tex/generic/pgf/basiclayer\pgfco
repoints.code.tex
File: pgfcorepoints.code.tex 2021/05/15 v3.1.9a (3.1.9a)
\pgf@picminx=\dimen190
\pgf@picmaxx=\dimen191
\pgf@picminy=\dimen192
\pgf@picmaxy=\dimen193
\pgf@pathminx=\dimen194
\pgf@pathmaxx=\dimen195
\pgf@pathminy=\dimen196
\pgf@pathmaxy=\dimen197
\pgf@xx=\dimen198
\pgf@xy=\dimen199
\pgf@yx=\dimen256
\pgf@yy=\dimen257
\pgf@zx=\dimen258
\pgf@zy=\dimen259
)
(C:\Users\iCETEE\AppData\Local\Programs\MiKTeX\tex/generic/pgf/basiclayer\pgfco
repathconstruct.code.tex
File: pgfcorepathconstruct.code.tex 2021/05/15 v3.1.9a (3.1.9a)
\pgf@path@lastx=\dimen260
\pgf@path@lasty=\dimen261
)
(C:\Users\iCETEE\AppData\Local\Programs\MiKTeX\tex/generic/pgf/basiclayer\pgfco
repathusage.code.tex
File: pgfcorepathusage.code.tex 2021/05/15 v3.1.9a (3.1.9a)
\pgf@shorten@end@additional=\dimen262
\pgf@shorten@start@additional=\dimen263
)
(C:\Users\iCETEE\AppData\Local\Programs\MiKTeX\tex/generic/pgf/basiclayer\pgfco
rescopes.code.tex
File: pgfcorescopes.code.tex 2021/05/15 v3.1.9a (3.1.9a)
\pgfpic=\box56
\pgf@hbox=\box57
\pgf@layerbox@main=\box58
\pgf@picture@serial@count=\count300
)
(C:\Users\iCETEE\AppData\Local\Programs\MiKTeX\tex/generic/pgf/basiclayer\pgfco
regraphicstate.code.tex
File: pgfcoregraphicstate.code.tex 2021/05/15 v3.1.9a (3.1.9a)
\pgflinewidth=\dimen264
)
(C:\Users\iCETEE\AppData\Local\Programs\MiKTeX\tex/generic/pgf/basiclayer\pgfco
retransformations.code.tex
File: pgfcoretransformations.code.tex 2021/05/15 v3.1.9a (3.1.9a)
\pgf@pt@x=\dimen265
\pgf@pt@y=\dimen266
\pgf@pt@temp=\dimen267
)
(C:\Users\iCETEE\AppData\Local\Programs\MiKTeX\tex/generic/pgf/basiclayer\pgfco
requick.code.tex
File: pgfcorequick.code.tex 2021/05/15 v3.1.9a (3.1.9a)
)
(C:\Users\iCETEE\AppData\Local\Programs\MiKTeX\tex/generic/pgf/basiclayer\pgfco
reobjects.code.tex
File: pgfcoreobjects.code.tex 2021/05/15 v3.1.9a (3.1.9a)
)
(C:\Users\iCETEE\AppData\Local\Programs\MiKTeX\tex/generic/pgf/basiclayer\pgfco
repathprocessing.code.tex
File: pgfcorepathprocessing.code.tex 2021/05/15 v3.1.9a (3.1.9a)
)
(C:\Users\iCETEE\AppData\Local\Programs\MiKTeX\tex/generic/pgf/basiclayer\pgfco
rearrows.code.tex
File: pgfcorearrows.code.tex 2021/05/15 v3.1.9a (3.1.9a)
\pgfarrowsep=\dimen268
)
(C:\Users\iCETEE\AppData\Local\Programs\MiKTeX\tex/generic/pgf/basiclayer\pgfco
reshade.code.tex
File: pgfcoreshade.code.tex 2021/05/15 v3.1.9a (3.1.9a)
\pgf@max=\dimen269
\pgf@sys@shading@range@num=\count301
\pgf@shadingcount=\count302
)
(C:\Users\iCETEE\AppData\Local\Programs\MiKTeX\tex/generic/pgf/basiclayer\pgfco
reimage.code.tex
File: pgfcoreimage.code.tex 2021/05/15 v3.1.9a (3.1.9a)

(C:\Users\iCETEE\AppData\Local\Programs\MiKTeX\tex/generic/pgf/basiclayer\pgfco
reexternal.code.tex
File: pgfcoreexternal.code.tex 2021/05/15 v3.1.9a (3.1.9a)
\pgfexternal@startupbox=\box59
))
(C:\Users\iCETEE\AppData\Local\Programs\MiKTeX\tex/generic/pgf/basiclayer\pgfco
relayers.code.tex
File: pgfcorelayers.code.tex 2021/05/15 v3.1.9a (3.1.9a)
)
(C:\Users\iCETEE\AppData\Local\Programs\MiKTeX\tex/generic/pgf/basiclayer\pgfco
retransparency.code.tex
File: pgfcoretransparency.code.tex 2021/05/15 v3.1.9a (3.1.9a)
)
(C:\Users\iCETEE\AppData\Local\Programs\MiKTeX\tex/generic/pgf/basiclayer\pgfco
repatterns.code.tex
File: pgfcorepatterns.code.tex 2021/05/15 v3.1.9a (3.1.9a)
)
(C:\Users\iCETEE\AppData\Local\Programs\MiKTeX\tex/generic/pgf/basiclayer\pgfco
rerdf.code.tex
File: pgfcorerdf.code.tex 2021/05/15 v3.1.9a (3.1.9a)
)))
(C:\Users\iCETEE\AppData\Local\Programs\MiKTeX\tex/generic/pgf/modules\pgfmodul
eshapes.code.tex
File: pgfmoduleshapes.code.tex 2021/05/15 v3.1.9a (3.1.9a)
\pgfnodeparttextbox=\box60
)
(C:\Users\iCETEE\AppData\Local\Programs\MiKTeX\tex/generic/pgf/modules\pgfmodul
eplot.code.tex
File: pgfmoduleplot.code.tex 2021/05/15 v3.1.9a (3.1.9a)
)
(C:\Users\iCETEE\AppData\Local\Programs\MiKTeX\tex/latex/pgf/compatibility\pgfc
omp-version-0-65.sty
Package: pgfcomp-version-0-65 2021/05/15 v3.1.9a (3.1.9a)
\pgf@nodesepstart=\dimen270
\pgf@nodesepend=\dimen271
)
(C:\Users\iCETEE\AppData\Local\Programs\MiKTeX\tex/latex/pgf/compatibility\pgfc
omp-version-1-18.sty
Package: pgfcomp-version-1-18 2021/05/15 v3.1.9a (3.1.9a)
))
(C:\Users\iCETEE\AppData\Local\Programs\MiKTeX\tex/latex/pgf/utilities\pgffor.s
ty
(C:\Users\iCETEE\AppData\Local\Programs\MiKTeX\tex/latex/pgf/utilities\pgfkeys.
sty
(C:\Users\iCETEE\AppData\Local\Programs\MiKTeX\tex/generic/pgf/utilities\pgfkey
s.code.tex))
(C:\Users\iCETEE\AppData\Local\Programs\MiKTeX\tex/latex/pgf/math\pgfmath.sty
(C:\Users\iCETEE\AppData\Local\Programs\MiKTeX\tex/generic/pgf/math\pgfmath.cod
e.tex))
(C:\Users\iCETEE\AppData\Local\Programs\MiKTeX\tex/generic/pgf/utilities\pgffor
.code.tex
Package: pgffor 2021/05/15 v3.1.9a (3.1.9a)

(C:\Users\iCETEE\AppData\Local\Programs\MiKTeX\tex/generic/pgf/math\pgfmath.cod
e.tex)
\pgffor@iter=\dimen272
\pgffor@skip=\dimen273
\pgffor@stack=\toks35
\pgffor@toks=\toks36
))
(C:\Users\iCETEE\AppData\Local\Programs\MiKTeX\tex/generic/pgf/frontendlayer/ti
kz\tikz.code.tex
Package: tikz 2021/05/15 v3.1.9a (3.1.9a)

(C:\Users\iCETEE\AppData\Local\Programs\MiKTeX\tex/generic/pgf/libraries\pgflib
raryplothandlers.code.tex
File: pgflibraryplothandlers.code.tex 2021/05/15 v3.1.9a (3.1.9a)
\pgf@plot@mark@count=\count303
\pgfplotmarksize=\dimen274
)
\tikz@lastx=\dimen275
\tikz@lasty=\dimen276
\tikz@lastxsaved=\dimen277
\tikz@lastysaved=\dimen278
\tikz@lastmovetox=\dimen279
\tikz@lastmovetoy=\dimen280
\tikzleveldistance=\dimen281
\tikzsiblingdistance=\dimen282
\tikz@figbox=\box61
\tikz@figbox@bg=\box62
\tikz@tempbox=\box63
\tikz@tempbox@bg=\box64
\tikztreelevel=\count304
\tikznumberofchildren=\count305
\tikznumberofcurrentchild=\count306
\tikz@fig@count=\count307

(C:\Users\iCETEE\AppData\Local\Programs\MiKTeX\tex/generic/pgf/modules\pgfmodul
ematrix.code.tex
File: pgfmodulematrix.code.tex 2021/05/15 v3.1.9a (3.1.9a)
\pgfmatrixcurrentrow=\count308
\pgfmatrixcurrentcolumn=\count309
\pgf@matrix@numberofcolumns=\count310
)
\tikz@expandcount=\count311

(C:\Users\iCETEE\AppData\Local\Programs\MiKTeX\tex/generic/pgf/frontendlayer/ti
kz/libraries\tikzlibrarytopaths.code.tex
File: tikzlibrarytopaths.code.tex 2021/05/15 v3.1.9a (3.1.9a)
)))
(C:\Users\iCETEE\AppData\Local\Programs\MiKTeX\tex/generic/pgf/frontendlayer/ti
kz/libraries\tikzlibraryshapes.code.tex
File: tikzlibraryshapes.code.tex 2021/05/15 v3.1.9a (3.1.9a)

(C:\Users\iCETEE\AppData\Local\Programs\MiKTeX\tex/generic/pgf/frontendlayer/ti
kz/libraries\tikzlibraryshapes.geometric.code.tex
File: tikzlibraryshapes.geometric.code.tex 2021/05/15 v3.1.9a (3.1.9a)

(C:\Users\iCETEE\AppData\Local\Programs\MiKTeX\tex/generic/pgf/libraries/shapes
\pgflibraryshapes.geometric.code.tex
File: pgflibraryshapes.geometric.code.tex 2021/05/15 v3.1.9a (3.1.9a)
))
(C:\Users\iCETEE\AppData\Local\Programs\MiKTeX\tex/generic/pgf/frontendlayer/ti
kz/libraries\tikzlibraryshapes.misc.code.tex
File: tikzlibraryshapes.misc.code.tex 2021/05/15 v3.1.9a (3.1.9a)

(C:\Users\iCETEE\AppData\Local\Programs\MiKTeX\tex/generic/pgf/libraries/shapes
\pgflibraryshapes.misc.code.tex
File: pgflibraryshapes.misc.code.tex 2021/05/15 v3.1.9a (3.1.9a)
))
(C:\Users\iCETEE\AppData\Local\Programs\MiKTeX\tex/generic/pgf/frontendlayer/ti
kz/libraries\tikzlibraryshapes.symbols.code.tex
File: tikzlibraryshapes.symbols.code.tex 2021/05/15 v3.1.9a (3.1.9a)

(C:\Users\iCETEE\AppData\Local\Programs\MiKTeX\tex/generic/pgf/libraries/shapes
\pgflibraryshapes.symbols.code.tex
File: pgflibraryshapes.symbols.code.tex 2021/05/15 v3.1.9a (3.1.9a)
))
(C:\Users\iCETEE\AppData\Local\Programs\MiKTeX\tex/generic/pgf/frontendlayer/ti
kz/libraries\tikzlibraryshapes.arrows.code.tex
File: tikzlibraryshapes.arrows.code.tex 2021/05/15 v3.1.9a (3.1.9a)

(C:\Users\iCETEE\AppData\Local\Programs\MiKTeX\tex/generic/pgf/libraries/shapes
\pgflibraryshapes.arrows.code.tex
File: pgflibraryshapes.arrows.code.tex 2021/05/15 v3.1.9a (3.1.9a)
))
(C:\Users\iCETEE\AppData\Local\Programs\MiKTeX\tex/generic/pgf/frontendlayer/ti
kz/libraries\tikzlibraryshapes.callouts.code.tex
(C:\Users\iCETEE\AppData\Local\Programs\MiKTeX\tex/generic/pgf/libraries/shapes
\pgflibraryshapes.callouts.code.tex))
(C:\Users\iCETEE\AppData\Local\Programs\MiKTeX\tex/generic/pgf/frontendlayer/ti
kz/libraries\tikzlibraryshapes.multipart.code.tex
File: tikzlibraryshapes.multipart.code.tex 2021/05/15 v3.1.9a (3.1.9a)

(C:\Users\iCETEE\AppData\Local\Programs\MiKTeX\tex/generic/pgf/libraries/shapes
\pgflibraryshapes.multipart.code.tex
File: pgflibraryshapes.multipart.code.tex 2021/05/15 v3.1.9a (3.1.9a)
\pgfnodepartlowerbox=\box65
\pgfnodeparttwobox=\box66
\pgfnodepartthreebox=\box67
\pgfnodepartfourbox=\box68
\pgfnodeparttwentybox=\box69
\pgfnodepartnineteenbox=\box70
\pgfnodeparteighteenbox=\box71
\pgfnodepartseventeenbox=\box72
\pgfnodepartsixteenbox=\box73
\pgfnodepartfifteenbox=\box74
\pgfnodepartfourteenbox=\box75
\pgfnodepartthirteenbox=\box76
\pgfnodeparttwelvebox=\box77
\pgfnodepartelevenbox=\box78
\pgfnodeparttenbox=\box79
\pgfnodepartninebox=\box80
\pgfnodeparteightbox=\box81
\pgfnodepartsevenbox=\box82
\pgfnodepartsixbox=\box83
\pgfnodepartfivebox=\box84
)))
(C:\Users\iCETEE\AppData\Local\Programs\MiKTeX\tex/generic/pgf/frontendlayer/ti
kz/libraries\tikzlibraryfit.code.tex
File: tikzlibraryfit.code.tex 2021/05/15 v3.1.9a (3.1.9a)
)
(C:\Users\iCETEE\AppData\Local\Programs\MiKTeX\tex/generic/pgf/frontendlayer/ti
kz/libraries\tikzlibrarycalc.code.tex
File: tikzlibrarycalc.code.tex 2021/05/15 v3.1.9a (3.1.9a)
)
(C:\Users\iCETEE\AppData\Local\Programs\MiKTeX\tex/generic/pgf/libraries\pgflib
raryintersections.code.tex
(C:\Users\iCETEE\AppData\Local\Programs\MiKTeX\tex/generic/pgf/libraries\pgflib
raryfpu.code.tex)
\pgf@intersect@solutions=\count312
)
(C:\Users\iCETEE\AppData\Local\Programs\MiKTeX\tex/latex/pgfopts\pgfopts.sty
Package: pgfopts 2014/07/10 v2.1a LaTeX package options with pgfkeys
\pgfopts@list@add@a@toks=\toks37
\pgfopts@list@add@b@toks=\toks38
)
(C:\Users\iCETEE\AppData\Local\Programs\MiKTeX\tex/latex/etoolbox\etoolbox.sty
Package: etoolbox 2020/10/05 v2.5k e-TeX tools for LaTeX (JAW)
\etb@tempcnta=\count313
)
(C:\Users\iCETEE\AppData\Local\Programs\MiKTeX\tex/latex/elocalloc\elocalloc.st
y
Package: elocalloc 2016/12/15 v0.03 local allocation for LaTeX 2015+ (DPC)
) (C:\Users\iCETEE\AppData\Local\Programs\MiKTeX\tex/latex/environ\environ.sty
Package: environ 2014/05/04 v0.3 A new way to define environments

(C:\Users\iCETEE\AppData\Local\Programs\MiKTeX\tex/latex/trimspaces\trimspaces.
sty
Package: trimspaces 2009/09/17 v1.1 Trim spaces around a token list
))
(C:\Users\iCETEE\AppData\Local\Programs\MiKTeX\tex/latex/l3packages/xparse\xpar
se.sty
(C:\Users\iCETEE\AppData\Local\Programs\MiKTeX\tex/latex/l3kernel\expl3.sty
Package: expl3 2021-08-27 L3 programming layer (loader) 

(C:\Users\iCETEE\AppData\Local\Programs\MiKTeX\tex/latex/l3backend\l3backend-pd
ftex.def
File: l3backend-pdftex.def 2021-08-04 L3 backend support: PDF output (pdfTeX)
\l__color_backend_stack_int=\count314
\l__pdf_internal_box=\box85
))
Package: xparse 2021-08-27 L3 Experimental document command parser
)
(C:\Users\iCETEE\AppData\Local\Programs\MiKTeX\tex/latex/inlinedef\inlinedef.st
y
Package: inlinedef 2008/07/10 v1.0 Inlined expansions within definitions
\ID@toks=\toks39
\ID@count=\count315
)
\ID@usercommands=\toks40
\safeloop@depth=\count316
\safeRKloop@depth=\count317
\forest@temp@dimen=\dimen283
\forest@temp@count=\count318
\forest@n=\count319
\forest@temp@global@count=\count320
\forest@temp@toks=\toks41
\forest@temparray@M=\count321
\forest@temparray@N=\count322
\forest@global@temparray@M=\count323
\forest@global@temparray@N=\count324
\forest@isnum@count=\count325
\forest@isdim@nonintpart=\count326
\forest@isdim@dimen=\dimen284
\forest@sort@m=\count327
\forest@sort@k=\count328
\forest@sort@p=\count329
\bracket@content=\toks42
\bracket@afterthought=\toks43
\forest@node@maxid=\count330
\forest@process@left@M=\count331
\forest@process@left@N=\count332
\forest@process@right@M=\count333
\forest@process@right@N=\count334
\forest@process@saved@M=\count335
\forest@process@saved@N=\count336
\forest@process@result@M=\count337
\forest@process@result@N=\count338
\forest@process@n=\count339
\forest@nodewalk@branch@toks=\toks44
\forest@nodewalk@shortsteps@resolution=\toks45
\forest@do@dynamics=\toks46
\forest@box=\box86
\forest@xg=\dimen285
\forest@yg=\dimen286
\forest@xs=\dimen287
\forest@ys=\dimen288
\forest@pi@toks=\toks47
\forest@segment@toks=\toks48
\forest@PIi@toks=\toks49
\forest@PIii@toks=\toks50
\forest@copy@in=\read4
\forest@copy@out=\write4
\forest@externalize@max@outer@n=\count340
\forest@externalize@inner@n=\count341
)
LaTeX Font Info:    Trying to load font information for OT1+ptm on input line 4
1.
 (C:\Users\iCETEE\AppData\Local\Programs\MiKTeX\tex/latex/psnfss\ot1ptm.fd
File: ot1ptm.fd 2001/06/04 font definitions for OT1/ptm.
)
(Ablordeppey.aux)
\openout1 = `Ablordeppey.aux'.

LaTeX Font Info:    Checking defaults for OML/cmm/m/it on input line 41.
LaTeX Font Info:    ... okay on input line 41.
LaTeX Font Info:    Checking defaults for OMS/cmsy/m/n on input line 41.
LaTeX Font Info:    ... okay on input line 41.
LaTeX Font Info:    Checking defaults for OT1/cmr/m/n on input line 41.
LaTeX Font Info:    ... okay on input line 41.
LaTeX Font Info:    Checking defaults for T1/cmr/m/n on input line 41.
LaTeX Font Info:    ... okay on input line 41.
LaTeX Font Info:    Checking defaults for TS1/cmr/m/n on input line 41.
LaTeX Font Info:    ... okay on input line 41.
LaTeX Font Info:    Checking defaults for OMX/cmex/m/n on input line 41.
LaTeX Font Info:    ... okay on input line 41.
LaTeX Font Info:    Checking defaults for U/cmr/m/n on input line 41.
LaTeX Font Info:    ... okay on input line 41.

(C:\Users\iCETEE\AppData\Local\Programs\MiKTeX\tex/context/base/mkii\supp-pdf.m
kii
[Loading MPS to PDF converter (version 2006.09.02).]
\scratchcounter=\count342
\scratchdimen=\dimen289
\scratchbox=\box87
\nofMPsegments=\count343
\nofMParguments=\count344
\everyMPshowfont=\toks51
\MPscratchCnt=\count345
\MPscratchDim=\dimen290
\MPnumerator=\count346
\makeMPintoPDFobject=\count347
\everyMPtoPDFconversion=\toks52
)
(C:\Users\iCETEE\AppData\Local\Programs\MiKTeX\tex/latex/epstopdf-pkg\epstopdf-
base.sty
Package: epstopdf-base 2020-01-24 v2.11 Base part for package epstopdf
Package epstopdf-base Info: Redefining graphics rule for `.eps' on input line 4
85.

(C:\Users\iCETEE\AppData\Local\Programs\MiKTeX\tex/latex/00miktex\epstopdf-sys.
cfg
File: epstopdf-sys.cfg 2021/03/18 v2.0 Configuration of epstopdf for MiKTeX
))
Redefining \end@dblfloat\ for use with subfigure
LaTeX Font Info:    Trying to load font information for U+msa on input line 48.

(C:\Users\iCETEE\AppData\Local\Programs\MiKTeX\tex/latex/amsfonts\umsa.fd
File: umsa.fd 2013/01/14 v3.01 AMS symbols A
)
LaTeX Font Info:    Trying to load font information for U+msb on input line 48.


(C:\Users\iCETEE\AppData\Local\Programs\MiKTeX\tex/latex/amsfonts\umsb.fd
File: umsb.fd 2013/01/14 v3.01 AMS symbols B
)
LaTeX Font Info:    Trying to load font information for OT1+pcr on input line 1
38.

(C:\Users\iCETEE\AppData\Local\Programs\MiKTeX\tex/latex/psnfss\ot1pcr.fd
File: ot1pcr.fd 2001/06/04 font definitions for OT1/pcr.
)
Overfull \hbox (12.1081pt too wide) in paragraph at lines 138--139
 [] 
 []


Underfull \hbox (badness 3009) in paragraph at lines 148--149
[]\OT1/ptm/b/n/10 output di-rec-tory \OT1/ptm/m/n/10 :- This di-rec-tory con-ta
ins the
 []


Underfull \hbox (badness 1331) in paragraph at lines 148--149
\OT1/ptm/m/n/10 counter and es-ti-mate reg-is-ters in \OT1/ptm/m/it/10 csv \OT1
/ptm/m/n/10 for-mat, for
 []


Underfull \hbox (badness 1152) in paragraph at lines 148--149
\OT1/ptm/m/n/10 each of the two (2) count meth-ods (ex-act, fixed
 []


Underfull \hbox (badness 1048) in paragraph at lines 148--149
\OT1/ptm/m/n/10 mul-ti-ple ex-per-i-ments were per-formed for each of
 []


Underfull \hbox (badness 10000) in paragraph at lines 148--149

 []


Underfull \hbox (badness 3503) in paragraph at lines 150--175
[]\OT1/ptm/m/n/10 Each out-put counter and es-ti-mate reg-is-ter have
 []


Underfull \vbox (badness 2005) has occurred while \output is active []

 [1{C:/Users/iCETEE/AppData/Local/MiKTeX/pdftex/config/pdftex.map}


]
Overfull \hbox (25.75844pt too wide) in paragraph at lines 181--195
[] []
 []


Overfull \hbox (25.75844pt too wide) in paragraph at lines 200--213
[] []
 []


Underfull \hbox (badness 1688) in paragraph at lines 228--229
\OT1/ptm/m/n/10 the de-creas-ing prob-a-bil-ity counter slowly up-dates the
 []


Underfull \hbox (badness 10000) in paragraph at lines 228--229

 []

<./imgs/aMidsummerNightsDreamEnglishCounterAverage.png, id=21, 289.68225pt x 17
3.448pt>
File: ./imgs/aMidsummerNightsDreamEnglishCounterAverage.png Graphic file (type 
png)
<use ./imgs/aMidsummerNightsDreamEnglishCounterAverage.png>
Package pdftex.def Info: ./imgs/aMidsummerNightsDreamEnglishCounterAverage.png 
 used on input line 237.
(pdftex.def)             Requested size: 111.39555pt x 66.69696pt.
<./imgs/aMidsummerNightsDreamEnglishCounterbits.png, id=22, 289.68225pt x 174.0
5025pt>
File: ./imgs/aMidsummerNightsDreamEnglishCounterbits.png Graphic file (type png
)
<use ./imgs/aMidsummerNightsDreamEnglishCounterbits.png>
Package pdftex.def Info: ./imgs/aMidsummerNightsDreamEnglishCounterbits.png  us
ed on input line 241.
(pdftex.def)             Requested size: 111.39555pt x 66.92854pt.

Underfull \hbox (badness 10000) in paragraph at lines 247--248

 []


Underfull \hbox (badness 10000) in paragraph at lines 249--250

 []


Underfull \hbox (badness 10000) in paragraph at lines 251--252

 []

[2 <./imgs/aMidsummerNightsDreamEnglishCounterAverage.png> <./imgs/aMidsummerNi
ghtsDreamEnglishCounterbits.png>]
<./imgs/aMidsummerNightsDreamEnglishEstimateAverage.png, id=28, 289.68225pt x 1
73.448pt>
File: ./imgs/aMidsummerNightsDreamEnglishEstimateAverage.png Graphic file (type
 png)
<use ./imgs/aMidsummerNightsDreamEnglishEstimateAverage.png>
Package pdftex.def Info: ./imgs/aMidsummerNightsDreamEnglishEstimateAverage.png
  used on input line 260.
(pdftex.def)             Requested size: 111.39555pt x 66.69696pt.
<./imgs/aMidsummerNightsDreamEnglishCounterEstimate.png, id=29, 289.68225pt x 1
73.448pt>
File: ./imgs/aMidsummerNightsDreamEnglishCounterEstimate.png Graphic file (type
 png)
<use ./imgs/aMidsummerNightsDreamEnglishCounterEstimate.png>
Package pdftex.def Info: ./imgs/aMidsummerNightsDreamEnglishCounterEstimate.png
  used on input line 264.
(pdftex.def)             Requested size: 111.39555pt x 66.69696pt.
<./imgs/aMidsummerNightsDreamEnglishEstimatePercent.png, id=30, 289.68225pt x 1
73.448pt>
File: ./imgs/aMidsummerNightsDreamEnglishEstimatePercent.png Graphic file (type
 png)
<use ./imgs/aMidsummerNightsDreamEnglishEstimatePercent.png>
Package pdftex.def Info: ./imgs/aMidsummerNightsDreamEnglishEstimatePercent.png
  used on input line 268.
(pdftex.def)             Requested size: 111.39555pt x 66.69696pt.
<./imgs/aMidsummerNightsDreamEnglishEstimateMeanAbsError.png, id=31, 289.68225p
t x 173.448pt>
File: ./imgs/aMidsummerNightsDreamEnglishEstimateMeanAbsError.png Graphic file 
(type png)
<use ./imgs/aMidsummerNightsDreamEnglishEstimateMeanAbsError.png>
Package pdftex.def Info: ./imgs/aMidsummerNightsDreamEnglishEstimateMeanAbsErro
r.png  used on input line 272.
(pdftex.def)             Requested size: 111.39555pt x 66.69696pt.
<./imgs/aMidsummerNightsDreamEnglishEstimateMeanRelError.png, id=32, 289.68225p
t x 173.448pt>
File: ./imgs/aMidsummerNightsDreamEnglishEstimateMeanRelError.png Graphic file 
(type png)
<use ./imgs/aMidsummerNightsDreamEnglishEstimateMeanRelError.png>
Package pdftex.def Info: ./imgs/aMidsummerNightsDreamEnglishEstimateMeanRelErro
r.png  used on input line 276.
(pdftex.def)             Requested size: 111.39555pt x 66.69696pt.
<./imgs/aMidsummerNightsDreamEnglishEstimateVAR.png, id=33, 289.68225pt x 173.4
48pt>
File: ./imgs/aMidsummerNightsDreamEnglishEstimateVAR.png Graphic file (type png
)
<use ./imgs/aMidsummerNightsDreamEnglishEstimateVAR.png>
Package pdftex.def Info: ./imgs/aMidsummerNightsDreamEnglishEstimateVAR.png  us
ed on input line 280.
(pdftex.def)             Requested size: 111.39555pt x 66.69696pt.

Underfull \hbox (badness 10000) in paragraph at lines 289--291

 []


Underfull \hbox (badness 10000) in paragraph at lines 292--293

 []


Underfull \hbox (badness 10000) in paragraph at lines 294--295

 []

<./imgs/aMidsummerNightsDreamFrenchCounterAverage.png, id=34, 289.68225pt x 173
.448pt>
File: ./imgs/aMidsummerNightsDreamFrenchCounterAverage.png Graphic file (type p
ng)
<use ./imgs/aMidsummerNightsDreamFrenchCounterAverage.png>
Package pdftex.def Info: ./imgs/aMidsummerNightsDreamFrenchCounterAverage.png  
used on input line 303.
(pdftex.def)             Requested size: 111.39555pt x 66.69696pt.
<./imgs/aMidsummerNightsDreamFrenchCounterbits.png, id=35, 289.68225pt x 173.44
8pt>
File: ./imgs/aMidsummerNightsDreamFrenchCounterbits.png Graphic file (type png)

<use ./imgs/aMidsummerNightsDreamFrenchCounterbits.png>
Package pdftex.def Info: ./imgs/aMidsummerNightsDreamFrenchCounterbits.png  use
d on input line 306.
(pdftex.def)             Requested size: 111.39555pt x 66.69696pt.
<./imgs/aMidsummerNightsDreamFrenchEstimateAverage.png, id=36, 289.68225pt x 17
3.448pt>
File: ./imgs/aMidsummerNightsDreamFrenchEstimateAverage.png Graphic file (type 
png)
<use ./imgs/aMidsummerNightsDreamFrenchEstimateAverage.png>
Package pdftex.def Info: ./imgs/aMidsummerNightsDreamFrenchEstimateAverage.png 
 used on input line 316.
(pdftex.def)             Requested size: 111.39555pt x 66.69696pt.
<./imgs/aMidsummerNightsDreamFrenchCounterEstimate.png, id=37, 289.68225pt x 17
3.448pt>
File: ./imgs/aMidsummerNightsDreamFrenchCounterEstimate.png Graphic file (type 
png)
<use ./imgs/aMidsummerNightsDreamFrenchCounterEstimate.png>
Package pdftex.def Info: ./imgs/aMidsummerNightsDreamFrenchCounterEstimate.png 
 used on input line 319.
(pdftex.def)             Requested size: 111.39555pt x 66.69696pt.
<./imgs/aMidsummerNightsDreamFrenchEstimatePercent.png, id=38, 289.68225pt x 17
3.448pt>
File: ./imgs/aMidsummerNightsDreamFrenchEstimatePercent.png Graphic file (type 
png)
<use ./imgs/aMidsummerNightsDreamFrenchEstimatePercent.png>
Package pdftex.def Info: ./imgs/aMidsummerNightsDreamFrenchEstimatePercent.png 
 used on input line 322.
(pdftex.def)             Requested size: 111.39555pt x 66.69696pt.
<./imgs/aMidsummerNightsDreamFrenchEstimateMeanAbsError.png, id=39, 289.68225pt
 x 173.448pt>
File: ./imgs/aMidsummerNightsDreamFrenchEstimateMeanAbsError.png Graphic file (
type png)
<use ./imgs/aMidsummerNightsDreamFrenchEstimateMeanAbsError.png>
Package pdftex.def Info: ./imgs/aMidsummerNightsDreamFrenchEstimateMeanAbsError
.png  used on input line 325.
(pdftex.def)             Requested size: 111.39555pt x 66.69696pt.
<./imgs/aMidsummerNightsDreamFrenchEstimateMeanRelError.png, id=40, 289.68225pt
 x 173.448pt>
File: ./imgs/aMidsummerNightsDreamFrenchEstimateMeanRelError.png Graphic file (
type png)
<use ./imgs/aMidsummerNightsDreamFrenchEstimateMeanRelError.png>
Package pdftex.def Info: ./imgs/aMidsummerNightsDreamFrenchEstimateMeanRelError
.png  used on input line 328.
(pdftex.def)             Requested size: 111.39555pt x 66.69696pt.
<./imgs/aMidsummerNightsDreamFrenchEstimateVAR.png, id=41, 289.68225pt x 173.44
8pt>
File: ./imgs/aMidsummerNightsDreamFrenchEstimateVAR.png Graphic file (type png)

<use ./imgs/aMidsummerNightsDreamFrenchEstimateVAR.png>
Package pdftex.def Info: ./imgs/aMidsummerNightsDreamFrenchEstimateVAR.png  use
d on input line 331.
(pdftex.def)             Requested size: 111.39555pt x 66.69696pt.

Underfull \hbox (badness 10000) in paragraph at lines 339--341

 []

[3 <./imgs/aMidsummerNightsDreamEnglishEstimateAverage.png> <./imgs/aMidsummerN
ightsDreamEnglishCounterEstimate.png> <./imgs/aMidsummerNightsDreamEnglishEstim
atePercent.png> <./imgs/aMidsummerNightsDreamEnglishEstimateMeanAbsError.png> <
./imgs/aMidsummerNightsDreamEnglishEstimateMeanRelError.png> <./imgs/aMidsummer
NightsDreamEnglishEstimateVAR.png> <./imgs/aMidsummerNightsDreamFrenchCounterAv
erage.png> <./imgs/aMidsummerNightsDreamFrenchCounterbits.png> <./imgs/aMidsumm
erNightsDreamFrenchEstimateAverage.png> <./imgs/aMidsummerNightsDreamFrenchCoun
terEstimate.png> <./imgs/aMidsummerNightsDreamFrenchEstimatePercent.png> <./img
s/aMidsummerNightsDreamFrenchEstimateMeanAbsError.png> <./imgs/aMidsummerNights
DreamFrenchEstimateMeanRelError.png> <./imgs/aMidsummerNightsDreamFrenchEstimat
eVAR.png>]
Underfull \hbox (badness 10000) in paragraph at lines 342--343

 []


Underfull \hbox (badness 10000) in paragraph at lines 344--345

 []

<./imgs/aMidsummerNightsDreamGermanCounterAverage.png, id=45, 289.68225pt x 173
.448pt>
File: ./imgs/aMidsummerNightsDreamGermanCounterAverage.png Graphic file (type p
ng)
<use ./imgs/aMidsummerNightsDreamGermanCounterAverage.png>
Package pdftex.def Info: ./imgs/aMidsummerNightsDreamGermanCounterAverage.png  
used on input line 353.
(pdftex.def)             Requested size: 111.39555pt x 66.69696pt.
<./imgs/aMidsummerNightsDreamGermanCounterbits.png, id=46, 289.68225pt x 173.44
8pt>
File: ./imgs/aMidsummerNightsDreamGermanCounterbits.png Graphic file (type png)

<use ./imgs/aMidsummerNightsDreamGermanCounterbits.png>
Package pdftex.def Info: ./imgs/aMidsummerNightsDreamGermanCounterbits.png  use
d on input line 356.
(pdftex.def)             Requested size: 111.39555pt x 66.69696pt.
<./imgs/aMidsummerNightsDreamGermanEstimateAverage.png, id=47, 289.68225pt x 17
3.448pt>
File: ./imgs/aMidsummerNightsDreamGermanEstimateAverage.png Graphic file (type 
png)
<use ./imgs/aMidsummerNightsDreamGermanEstimateAverage.png>
Package pdftex.def Info: ./imgs/aMidsummerNightsDreamGermanEstimateAverage.png 
 used on input line 366.
(pdftex.def)             Requested size: 111.39555pt x 66.69696pt.
<./imgs/aMidsummerNightsDreamGermanCounterEstimate.png, id=48, 289.68225pt x 17
4.05025pt>
File: ./imgs/aMidsummerNightsDreamGermanCounterEstimate.png Graphic file (type 
png)
<use ./imgs/aMidsummerNightsDreamGermanCounterEstimate.png>
Package pdftex.def Info: ./imgs/aMidsummerNightsDreamGermanCounterEstimate.png 
 used on input line 369.
(pdftex.def)             Requested size: 111.39555pt x 66.92854pt.
<./imgs/aMidsummerNightsDreamGermanEstimatePercent.png, id=49, 289.68225pt x 17
3.448pt>
File: ./imgs/aMidsummerNightsDreamGermanEstimatePercent.png Graphic file (type 
png)
<use ./imgs/aMidsummerNightsDreamGermanEstimatePercent.png>
Package pdftex.def Info: ./imgs/aMidsummerNightsDreamGermanEstimatePercent.png 
 used on input line 372.
(pdftex.def)             Requested size: 111.39555pt x 66.69696pt.
<./imgs/aMidsummerNightsDreamGermanEstimateMeanAbsError.png, id=50, 289.68225pt
 x 173.448pt>
File: ./imgs/aMidsummerNightsDreamGermanEstimateMeanAbsError.png Graphic file (
type png)
<use ./imgs/aMidsummerNightsDreamGermanEstimateMeanAbsError.png>
Package pdftex.def Info: ./imgs/aMidsummerNightsDreamGermanEstimateMeanAbsError
.png  used on input line 375.
(pdftex.def)             Requested size: 111.39555pt x 66.69696pt.
<./imgs/aMidsummerNightsDreamGermanEstimateMeanRelError.png, id=51, 289.68225pt
 x 173.448pt>
File: ./imgs/aMidsummerNightsDreamGermanEstimateMeanRelError.png Graphic file (
type png)
<use ./imgs/aMidsummerNightsDreamGermanEstimateMeanRelError.png>
Package pdftex.def Info: ./imgs/aMidsummerNightsDreamGermanEstimateMeanRelError
.png  used on input line 378.
(pdftex.def)             Requested size: 111.39555pt x 66.69696pt.
<./imgs/aMidsummerNightsDreamGermanEstimateVAR.png, id=52, 289.68225pt x 173.44
8pt>
File: ./imgs/aMidsummerNightsDreamGermanEstimateVAR.png Graphic file (type png)

<use ./imgs/aMidsummerNightsDreamGermanEstimateVAR.png>
Package pdftex.def Info: ./imgs/aMidsummerNightsDreamGermanEstimateVAR.png  use
d on input line 381.
(pdftex.def)             Requested size: 111.39555pt x 66.69696pt.

LaTeX Warning: `!h' float specifier changed to `!ht'.


Underfull \hbox (badness 1077) in paragraph at lines 389--390
[]\OT1/ptm/m/n/10 Fig. 8[] shows the dis-tri-bu-tion of counter val-ues for
 []


Underfull \hbox (badness 10000) in paragraph at lines 389--390

 []


Underfull \hbox (badness 10000) in paragraph at lines 391--392

 []


Underfull \hbox (badness 1755) in paragraph at lines 393--394
[]\OT1/ptm/m/n/10 The es-ti-mates com-puted from tak-ing the av-er-age of
 []


Underfull \hbox (badness 10000) in paragraph at lines 393--394

 []


Underfull \hbox (badness 1077) in paragraph at lines 395--396
[]\OT1/ptm/m/n/10 The rel-a-tive er-rors ob-served for the fixed prob-a-bil-ity

 []


Underfull \hbox (badness 10000) in paragraph at lines 395--396

 []


Underfull \hbox (badness 10000) in paragraph at lines 397--398

 []

<./imgs/hamletEnglishCounterAverage.png, id=53, 289.68225pt x 173.448pt>
File: ./imgs/hamletEnglishCounterAverage.png Graphic file (type png)
<use ./imgs/hamletEnglishCounterAverage.png>
Package pdftex.def Info: ./imgs/hamletEnglishCounterAverage.png  used on input 
line 406.
(pdftex.def)             Requested size: 111.39555pt x 66.69696pt.
<./imgs/hamletEnglishCounterbits.png, id=54, 289.68225pt x 174.05025pt>
File: ./imgs/hamletEnglishCounterbits.png Graphic file (type png)
<use ./imgs/hamletEnglishCounterbits.png>
Package pdftex.def Info: ./imgs/hamletEnglishCounterbits.png  used on input lin
e 410.
(pdftex.def)             Requested size: 111.39555pt x 66.92854pt.
<./imgs/hamletEnglishEstimateAverage.png, id=55, 289.68225pt x 174.05025pt>
File: ./imgs/hamletEnglishEstimateAverage.png Graphic file (type png)
<use ./imgs/hamletEnglishEstimateAverage.png>
Package pdftex.def Info: ./imgs/hamletEnglishEstimateAverage.png  used on input
 line 420.
(pdftex.def)             Requested size: 111.39555pt x 66.92854pt.
<./imgs/hamletEnglishCounterEstimate.png, id=56, 289.68225pt x 174.05025pt>
File: ./imgs/hamletEnglishCounterEstimate.png Graphic file (type png)
<use ./imgs/hamletEnglishCounterEstimate.png>
Package pdftex.def Info: ./imgs/hamletEnglishCounterEstimate.png  used on input
 line 423.
(pdftex.def)             Requested size: 111.39555pt x 66.92854pt.
<./imgs/hamletEnglishEstimatePercent.png, id=57, 289.68225pt x 174.05025pt>
File: ./imgs/hamletEnglishEstimatePercent.png Graphic file (type png)
<use ./imgs/hamletEnglishEstimatePercent.png>
Package pdftex.def Info: ./imgs/hamletEnglishEstimatePercent.png  used on input
 line 426.
(pdftex.def)             Requested size: 111.39555pt x 66.92854pt.
<./imgs/hamletEnglishEstimateMeanAbsError.png, id=58, 289.68225pt x 173.448pt>
File: ./imgs/hamletEnglishEstimateMeanAbsError.png Graphic file (type png)
<use ./imgs/hamletEnglishEstimateMeanAbsError.png>
Package pdftex.def Info: ./imgs/hamletEnglishEstimateMeanAbsError.png  used on 
input line 429.
(pdftex.def)             Requested size: 111.39555pt x 66.69696pt.
<./imgs/hamletEnglishEstimateMeanRelError.png, id=59, 289.68225pt x 173.448pt>
File: ./imgs/hamletEnglishEstimateMeanRelError.png Graphic file (type png)
<use ./imgs/hamletEnglishEstimateMeanRelError.png>
Package pdftex.def Info: ./imgs/hamletEnglishEstimateMeanRelError.png  used on 
input line 432.
(pdftex.def)             Requested size: 111.39555pt x 66.69696pt.
<./imgs/hamletEnglishEstimateVAR.png, id=60, 289.68225pt x 174.05025pt>
File: ./imgs/hamletEnglishEstimateVAR.png Graphic file (type png)
<use ./imgs/hamletEnglishEstimateVAR.png>
Package pdftex.def Info: ./imgs/hamletEnglishEstimateVAR.png  used on input lin
e 435.
(pdftex.def)             Requested size: 111.39555pt x 66.92854pt.
<./imgs/hamletFrenchCounterAverage.png, id=61, 289.68225pt x 173.448pt>
File: ./imgs/hamletFrenchCounterAverage.png Graphic file (type png)
<use ./imgs/hamletFrenchCounterAverage.png>
Package pdftex.def Info: ./imgs/hamletFrenchCounterAverage.png  used on input l
ine 450.
(pdftex.def)             Requested size: 111.39555pt x 66.69696pt.
<./imgs/hamletFrenchCounterbits.png, id=62, 289.68225pt x 173.448pt>
File: ./imgs/hamletFrenchCounterbits.png Graphic file (type png)
<use ./imgs/hamletFrenchCounterbits.png>
Package pdftex.def Info: ./imgs/hamletFrenchCounterbits.png  used on input line
 453.
(pdftex.def)             Requested size: 111.39555pt x 66.69696pt.

LaTeX Warning: `!h' float specifier changed to `!ht'.

<./imgs/hamletFrenchEstimateAverage.png, id=63, 289.68225pt x 173.448pt>
File: ./imgs/hamletFrenchEstimateAverage.png Graphic file (type png)
<use ./imgs/hamletFrenchEstimateAverage.png>
Package pdftex.def Info: ./imgs/hamletFrenchEstimateAverage.png  used on input 
line 463.
(pdftex.def)             Requested size: 111.39555pt x 66.69696pt.
<./imgs/hamletFrenchCounterEstimate.png, id=64, 289.68225pt x 173.448pt>
File: ./imgs/hamletFrenchCounterEstimate.png Graphic file (type png)
<use ./imgs/hamletFrenchCounterEstimate.png>
Package pdftex.def Info: ./imgs/hamletFrenchCounterEstimate.png  used on input 
line 466.
(pdftex.def)             Requested size: 111.39555pt x 66.69696pt.
<./imgs/hamletFrenchEstimatePercent.png, id=65, 289.68225pt x 173.448pt>
File: ./imgs/hamletFrenchEstimatePercent.png Graphic file (type png)
<use ./imgs/hamletFrenchEstimatePercent.png>
Package pdftex.def Info: ./imgs/hamletFrenchEstimatePercent.png  used on input 
line 469.
(pdftex.def)             Requested size: 111.39555pt x 66.69696pt.
<./imgs/hamletFrenchEstimateMeanAbsError.png, id=66, 289.68225pt x 173.448pt>
File: ./imgs/hamletFrenchEstimateMeanAbsError.png Graphic file (type png)
<use ./imgs/hamletFrenchEstimateMeanAbsError.png>
Package pdftex.def Info: ./imgs/hamletFrenchEstimateMeanAbsError.png  used on i
nput line 472.
(pdftex.def)             Requested size: 111.39555pt x 66.69696pt.
<./imgs/hamletFrenchEstimateMeanRelError.png, id=67, 289.68225pt x 173.448pt>
File: ./imgs/hamletFrenchEstimateMeanRelError.png Graphic file (type png)
<use ./imgs/hamletFrenchEstimateMeanRelError.png>
Package pdftex.def Info: ./imgs/hamletFrenchEstimateMeanRelError.png  used on i
nput line 475.
(pdftex.def)             Requested size: 111.39555pt x 66.69696pt.
<./imgs/hamletFrenchEstimateVAR.png, id=68, 289.68225pt x 173.448pt>
File: ./imgs/hamletFrenchEstimateVAR.png Graphic file (type png)
<use ./imgs/hamletFrenchEstimateVAR.png>
Package pdftex.def Info: ./imgs/hamletFrenchEstimateVAR.png  used on input line
 478.
(pdftex.def)             Requested size: 111.39555pt x 66.69696pt.

LaTeX Warning: `!h' float specifier changed to `!ht'.


Underfull \hbox (badness 10000) in paragraph at lines 485--486

 []

[4 <./imgs/aMidsummerNightsDreamGermanCounterAverage.png> <./imgs/aMidsummerNig
htsDreamGermanCounterbits.png> <./imgs/aMidsummerNightsDreamGermanEstimateAvera
ge.png> <./imgs/aMidsummerNightsDreamGermanCounterEstimate.png> <./imgs/aMidsum
merNightsDreamGermanEstimatePercent.png> <./imgs/aMidsummerNightsDreamGermanEst
imateMeanAbsError.png> <./imgs/aMidsummerNightsDreamGermanEstimateMeanRelError.
png> <./imgs/aMidsummerNightsDreamGermanEstimateVAR.png> <./imgs/hamletEnglishC
ounterAverage.png> <./imgs/hamletEnglishCounterbits.png>]
Underfull \hbox (badness 2707) in paragraph at lines 487--488
[]\OT1/ptm/m/n/10 The counter av-er-ages for the de-creas-ing prob-a-bil-ity
 []

<./imgs/hamletGermanCounterAverage.png, id=72, 289.68225pt x 173.448pt>
File: ./imgs/hamletGermanCounterAverage.png Graphic file (type png)
<use ./imgs/hamletGermanCounterAverage.png>
Package pdftex.def Info: ./imgs/hamletGermanCounterAverage.png  used on input l
ine 494.
(pdftex.def)             Requested size: 111.39555pt x 66.69696pt.
<./imgs/hamletGermanCounterbits.png, id=73, 289.68225pt x 173.448pt>
File: ./imgs/hamletGermanCounterbits.png Graphic file (type png)
<use ./imgs/hamletGermanCounterbits.png>
Package pdftex.def Info: ./imgs/hamletGermanCounterbits.png  used on input line
 497.
(pdftex.def)             Requested size: 111.39555pt x 66.69696pt.

LaTeX Warning: `!h' float specifier changed to `!ht'.

<./imgs/hamletGermanEstimateAverage.png, id=74, 289.68225pt x 173.448pt>
File: ./imgs/hamletGermanEstimateAverage.png Graphic file (type png)
<use ./imgs/hamletGermanEstimateAverage.png>
Package pdftex.def Info: ./imgs/hamletGermanEstimateAverage.png  used on input 
line 507.
(pdftex.def)             Requested size: 111.39555pt x 66.69696pt.
<./imgs/hamletGermanCounterEstimate.png, id=75, 289.68225pt x 173.448pt>
File: ./imgs/hamletGermanCounterEstimate.png Graphic file (type png)
<use ./imgs/hamletGermanCounterEstimate.png>
Package pdftex.def Info: ./imgs/hamletGermanCounterEstimate.png  used on input 
line 510.
(pdftex.def)             Requested size: 111.39555pt x 66.69696pt.
<./imgs/hamletGermanEstimatePercent.png, id=76, 289.68225pt x 173.448pt>
File: ./imgs/hamletGermanEstimatePercent.png Graphic file (type png)
<use ./imgs/hamletGermanEstimatePercent.png>
Package pdftex.def Info: ./imgs/hamletGermanEstimatePercent.png  used on input 
line 513.
(pdftex.def)             Requested size: 111.39555pt x 66.69696pt.
<./imgs/hamletGermanEstimateMeanAbsError.png, id=77, 289.68225pt x 173.448pt>
File: ./imgs/hamletGermanEstimateMeanAbsError.png Graphic file (type png)
<use ./imgs/hamletGermanEstimateMeanAbsError.png>
Package pdftex.def Info: ./imgs/hamletGermanEstimateMeanAbsError.png  used on i
nput line 516.
(pdftex.def)             Requested size: 111.39555pt x 66.69696pt.
<./imgs/hamletGermanEstimateMeanRelError.png, id=78, 289.68225pt x 173.448pt>
File: ./imgs/hamletGermanEstimateMeanRelError.png Graphic file (type png)
<use ./imgs/hamletGermanEstimateMeanRelError.png>
Package pdftex.def Info: ./imgs/hamletGermanEstimateMeanRelError.png  used on i
nput line 519.
(pdftex.def)             Requested size: 111.39555pt x 66.69696pt.
<./imgs/hamletGermanEstimateVAR.png, id=79, 289.68225pt x 173.448pt>
File: ./imgs/hamletGermanEstimateVAR.png Graphic file (type png)
<use ./imgs/hamletGermanEstimateVAR.png>
Package pdftex.def Info: ./imgs/hamletGermanEstimateVAR.png  used on input line
 522.
(pdftex.def)             Requested size: 111.39555pt x 66.69696pt.

LaTeX Warning: `!h' float specifier changed to `!ht'.

LaTeX Font Info:    Trying to load font information for OMS+ptm on input line 5
33.
(C:\Users\iCETEE\AppData\Local\Programs\MiKTeX\tex/latex/psnfss\omsptm.fd
File: omsptm.fd 
)
LaTeX Font Info:    Font shape `OMS/ptm/m/it' in size <10> not available
(Font)              Font shape `OMS/cmsy/m/n' tried instead on input line 533.

(Ablordeppey.bbl) [5 <./imgs/hamletEnglishEstimateAverage.png> <./imgs/hamletEn
glishCounterEstimate.png> <./imgs/hamletEnglishEstimatePercent.png> <./imgs/ham
letEnglishEstimateMeanAbsError.png> <./imgs/hamletEnglishEstimateMeanRelError.p
ng> <./imgs/hamletEnglishEstimateVAR.png> <./imgs/hamletFrenchCounterAverage.pn
g> <./imgs/hamletFrenchCounterbits.png> <./imgs/hamletFrenchEstimateAverage.png
> <./imgs/hamletFrenchCounterEstimate.png> <./imgs/hamletFrenchEstimatePercent.
png> <./imgs/hamletFrenchEstimateMeanAbsError.png> <./imgs/hamletFrenchEstimate
MeanRelError.png> <./imgs/hamletFrenchEstimateVAR.png> <./imgs/hamletGermanCoun
terAverage.png> <./imgs/hamletGermanCounterbits.png>] [6

 <./imgs/hamletGermanEstimateAverage.png> <./imgs/hamletGermanCounterEstimate.p
ng> <./imgs/hamletGermanEstimatePercent.png> <./imgs/hamletGermanEstimateMeanAb
sError.png> <./imgs/hamletGermanEstimateMeanRelError.png> <./imgs/hamletGermanE
stimateVAR.png>]
(Ablordeppey.aux) ) 
Here is how much of TeX's memory you used:
 27671 strings out of 478927
 644959 string characters out of 2852060
 939927 words of memory out of 3000000
 45084 multiletter control sequences out of 15000+600000
 430014 words of font info for 88 fonts, out of 8000000 for 9000
 1141 hyphenation exceptions out of 8191
 125i,12n,125p,1589b,2885s stack positions out of 5000i,500n,10000p,200000b,80000s
{C:/Users/iCETEE/AppData/Local/Programs/MiKTeX/fonts/enc/dvi
ps/base/8r.enc}<C:/Users/iCETEE/AppData/Local/Programs/MiKTeX/fonts/type1/publi
c/amsfonts/cmextra/cmbsy6.pfb><C:/Users/iCETEE/AppData/Local/Programs/MiKTeX/fo
nts/type1/public/amsfonts/cm/cmbx6.pfb><C:/Users/iCETEE/AppData/Local/Programs/
MiKTeX/fonts/type1/public/amsfonts/cm/cmbx9.pfb><C:/Users/iCETEE/AppData/Local/
Programs/MiKTeX/fonts/type1/public/amsfonts/cmextra/cmex9.pfb><C:/Users/iCETEE/
AppData/Local/Programs/MiKTeX/fonts/type1/public/amsfonts/cm/cmmi10.pfb><C:/Use
rs/iCETEE/AppData/Local/Programs/MiKTeX/fonts/type1/public/amsfonts/cmextra/cmm
ib5.pfb><C:/Users/iCETEE/AppData/Local/Programs/MiKTeX/fonts/type1/public/amsfo
nts/cmextra/cmmib9.pfb><C:/Users/iCETEE/AppData/Local/Programs/MiKTeX/fonts/typ
e1/public/amsfonts/cm/cmr10.pfb><C:/Users/iCETEE/AppData/Local/Programs/MiKTeX/
fonts/type1/public/amsfonts/cm/cmr7.pfb><C:/Users/iCETEE/AppData/Local/Programs
/MiKTeX/fonts/type1/public/amsfonts/cm/cmsy10.pfb><C:/Users/iCETEE/AppData/Loca
l/Programs/MiKTeX/fonts/type1/urw/courier/ucrr8a.pfb><C:/Users/iCETEE/AppData/L
ocal/Programs/MiKTeX/fonts/type1/urw/times/utmb8a.pfb><C:/Users/iCETEE/AppData/
Local/Programs/MiKTeX/fonts/type1/urw/times/utmbi8a.pfb><C:/Users/iCETEE/AppDat
a/Local/Programs/MiKTeX/fonts/type1/urw/times/utmr8a.pfb><C:/Users/iCETEE/AppDa
ta/Local/Programs/MiKTeX/fonts/type1/urw/times/utmri8a.pfb>
Output written on Ablordeppey.pdf (6 pages, 387916 bytes).
PDF statistics:
 148 PDF objects out of 1000 (max. 8388607)
 0 named destinations out of 1000 (max. 500000)
 253 words of extra memory for PDF output out of 10000 (max. 10000000)

